Arguments: 
  C:\Program Files\nodejs\node.exe C:\Program Files (x86)\Yarn\bin\yarn.js

PATH: 
  D:\Program Files (x86)\cmder\bin;D:\Program Files (x86)\cmder\vendor\conemu-maximus5\ConEmu\Scripts;D:\Program Files (x86)\cmder\vendor\conemu-maximus5;D:\Program Files (x86)\cmder\vendor\conemu-maximus5\ConEmu;C:\ProgramData\Oracle\Java\javapath;C:\WINDOWS\system32;C:\WINDOWS;C:\WINDOWS\System32\Wbem;C:\WINDOWS\System32\WindowsPowerShell\v1.0\;D:\Program Files (x86)\cmder\bin;d:\Program Files\Git\cmd;C:\ProgramData\chocolatey\bin;C:\Program Files\nodejs\;C:\Go\bin;C:\Program Files (x86)\Yarn\bin;C:\Users\L\AppData\Roaming\npm;C:\Users\L\go\bin;C:\Users\L\.cargo\bin;C:\Program Files (x86)\Windows Kits\10\Windows Performance Toolkit\;D:\Program Files (x86)\emsdk-portable-64bit;D:\Program Files (x86)\emsdk-portable-64bit\python\2.7.5.3_64bit;C:\Program Files (x86)\Emscripten;C:\Program Files (x86)\Emscripten\clang\3.2_32bit;C:\Program Files (x86)\Emscripten\node\0.10.17_32bit;C:\Program Files (x86)\Emscripten\python\2.7.5.1_32bit;C:\Program Files (x86)\Emscripten\emscripten\1.5.6;C:\Users\L\.cargo\bin;C:\Users\L\AppData\Local\Programs\Python\Python36\Scripts\;C:\Users\L\AppData\Local\Programs\Python\Python36\;C:\Ruby24-x64\bin;C:\Users\L\AppData\Local\Microsoft\WindowsApps;C:\Users\L\AppData\Local\atom\bin;C:\Users\L\AppData\Roaming\npm;C:\Users\L\AppData\Local\Yarn\bin;C:\Users\L\AppData\Local\Microsoft\WindowsApps;;d:\Program Files\Git\usr\bin;d:\Program Files\Git\usr\share\vim\vim74;D:\Program Files (x86)\cmder\

Yarn version: 
  1.3.2

Node version: 
  9.2.0

Platform: 
  win32 x64

npm manifest: 
  {
    "name": "todos",
    "version": "0.0.1",
    "private": true,
    "devDependencies": {
      "enzyme": "^2.8.2",
      "react-addons-test-utils": "^15.5.1",
      "react-scripts": "^1.0.2"
    },
    "dependencies": {
      "prop-types": "^15.5.10",
      "react": "^15.5.0",
      "react-dom": "^15.5.0",
      "react-redux": "^5.0.5",
      "redux": "^3.5.2"
    },
    "scripts": {
      "start": "react-scripts start",
      "build": "react-scripts build",
      "eject": "react-scripts eject",
      "test": "react-scripts test"
    }
  }

yarn manifest: 
  No manifest

Lockfile: 
  No lockfile

Trace: 
  Error: connect ETIMEDOUT 114.55.80.225:443
      at Object._errnoException (util.js:1031:13)
      at _exceptionWithHostPort (util.js:1052:20)
      at TCPConnectWrap.afterConnect [as oncomplete] (net.js:1195:14)
